2018-07-04 09:38:19.303  INFO 17836 --- [http-nio-8080-exec-2] o.a.c.c.C.[Tomcat].[localhost].[/]       : Initializing Spring FrameworkServlet 'dispatcherServlet'
2018-07-04 09:38:19.312  INFO 17836 --- [http-nio-8080-exec-2] o.s.web.servlet.DispatcherServlet        : FrameworkServlet 'dispatcherServlet': initialization started
2018-07-04 09:38:19.345  INFO 17836 --- [http-nio-8080-exec-2] o.s.web.servlet.DispatcherServlet        : FrameworkServlet 'dispatcherServlet': initialization completed in 32 ms
2018-07-04 09:38:19.412  INFO 17836 --- [http-nio-8080-exec-2] com.zaxxer.hikari.HikariDataSource       : HikariPool-1 - Starting...
2018-07-04 09:38:19.418  WARN 17836 --- [http-nio-8080-exec-2] com.zaxxer.hikari.util.DriverDataSource  : Registered driver with driverClassName=com.mysql.jdbc.Driver was not found, trying direct instantiation.
2018-07-04 09:38:19.583  INFO 17836 --- [http-nio-8080-exec-2] com.zaxxer.hikari.HikariDataSource       : HikariPool-1 - Start completed.
2018-07-04 09:38:54.517  INFO 8016 --- [main] com.example.demo.SampleApplication       : Starting SampleApplication on DESKTOP-QGHE298 with PID 8016 (C:\Users\10453\IdeaProjects\sample\target\classes started by 10453 in C:\Users\10453\IdeaProjects\sample)
2018-07-04 09:38:54.522  INFO 8016 --- [main] com.example.demo.SampleApplication       : No active profile set, falling back to default profiles: default
2018-07-04 09:38:54.754  INFO 8016 --- [main] ConfigServletWebServerApplicationContext : Refreshing org.springframework.boot.web.servlet.context.AnnotationConfigServletWebServerApplicationContext@335b5620: startup date [Wed Jul 04 09:38:54 CST 2018]; root of context hierarchy
2018-07-04 09:38:57.317  INFO 8016 --- [main] o.s.b.w.embedded.tomcat.TomcatWebServer  : Tomcat initialized with port(s): 8080 (http)
2018-07-04 09:38:57.368  INFO 8016 --- [main] o.apache.catalina.core.StandardService   : Starting service [Tomcat]
2018-07-04 09:38:57.368  INFO 8016 --- [main] org.apache.catalina.core.StandardEngine  : Starting Servlet Engine: Apache Tomcat/8.5.31
2018-07-04 09:38:57.378  INFO 8016 --- [localhost-startStop-1] o.a.catalina.core.AprLifecycleListener   : The APR based Apache Tomcat Native library which allows optimal performance in production environments was not found on the java.library.path: [C:\Program Files\Java\jdk-9.0.4\bin;C:\WINDOWS\Sun\Java\bin;C:\WINDOWS\system32;C:\WINDOWS;C:\ProgramData\Oracle\Java\javapath;C:\Program Files (x86)\Common Files\Oracle\Java\javapath;C:\Program Files\Java\jdk-9.0.4;C:\Program Files\Java\jdk-9.0.4\bin;C:\Program Files\Java\jdk-9.0.4\jre\bin;C:\Program Files\Java\jdk-9.0.4\bin；C:\ProgramData\Oracle\Java\javapath;C:\Program Files (x86)\Intel\iCLS Client\;C:\Program Files\Intel\iCLS Client\;C:\WINDOWS\system32;C:\WINDOWS;C:\WINDOWS\System32\Wbem;C:\WINDOWS\System32\WindowsPowerShell\v1.0\;C:\Program Files (x86)\Intel\Intel(R) Management Engine Components\DAL;C:\Program Files\Intel\Intel(R) Management Engine Components\DAL;C:\Program Files (x86)\Intel\Intel(R) Management Engine Components\IPT;C:\Program Files\Intel\Intel(R) Management Engine Components\IPT;C:\Python27;C:\Android;C:\Windows\System32;C:\Program Files\Intel\WiFi\bin\;C:\Program Files\Common Files\Intel\WirelessCommon\;C:\Program Files (x86)\Git\cmd;C:\Users\10453\AppData\Local\Temp\Rar$EXa0.282\platform-tools;C:\Users\10453\AppData\Local\Temp\Rar$EXa0.282\platform-tools;C:\Program Files\MySQL\MySQL Utilities 1.6\;C:\Program Files\MySQL\MySQL Server 5.7\bin;c:\altera\90sp2\quartus\bin;M2_HOME=C:\collections\apache-maven-3.5.4;M2=C:\collections\apache-maven-3.5.4\bin;MAVEN_OPTS=-Xms256m -Xmx512m;%M2%;C:\collections\apache-maven-3.5.4\bin;C:\Users\10453\AppData\Local\Programs\Python\Python36\Scripts\;C:\Users\10453\AppData\Local\Programs\Python\Python36\;C:\Users\10453\AppData\Local\Programs\Python\Python35\Scripts\;C:\Users\10453\AppData\Local\Programs\Python\Python35\;C:\Users\10453\AppData\Local\Microsoft\WindowsApps;C:\Users\10453\AppData\Local\GitHubDesktop\bin;%USERPROFILE%\AppData\Local\Microsoft\WindowsApps;;.]
2018-07-04 09:38:57.597  INFO 8016 --- [localhost-startStop-1] o.a.c.c.C.[Tomcat].[localhost].[/]       : Initializing Spring embedded WebApplicationContext
2018-07-04 09:38:57.599  INFO 8016 --- [localhost-startStop-1] o.s.web.context.ContextLoader            : Root WebApplicationContext: initialization completed in 2846 ms
2018-07-04 09:38:57.823  INFO 8016 --- [localhost-startStop-1] o.s.b.w.servlet.ServletRegistrationBean  : Servlet dispatcherServlet mapped to [/]
2018-07-04 09:38:57.832  INFO 8016 --- [localhost-startStop-1] o.s.b.w.servlet.FilterRegistrationBean   : Mapping filter: 'characterEncodingFilter' to: [/*]
2018-07-04 09:38:57.833  INFO 8016 --- [localhost-startStop-1] o.s.b.w.servlet.FilterRegistrationBean   : Mapping filter: 'hiddenHttpMethodFilter' to: [/*]
2018-07-04 09:38:57.834  INFO 8016 --- [localhost-startStop-1] o.s.b.w.servlet.FilterRegistrationBean   : Mapping filter: 'httpPutFormContentFilter' to: [/*]
2018-07-04 09:38:57.834  INFO 8016 --- [localhost-startStop-1] o.s.b.w.servlet.FilterRegistrationBean   : Mapping filter: 'requestContextFilter' to: [/*]
2018-07-04 09:38:58.209  INFO 8016 --- [main] o.s.w.s.handler.SimpleUrlHandlerMapping  : Mapped URL path [/**/favicon.ico] onto handler of type [class org.springframework.web.servlet.resource.ResourceHttpRequestHandler]
2018-07-04 09:38:58.429  INFO 8016 --- [main] s.w.s.m.m.a.RequestMappingHandlerAdapter : Looking for @ControllerAdvice: org.springframework.boot.web.servlet.context.AnnotationConfigServletWebServerApplicationContext@335b5620: startup date [Wed Jul 04 09:38:54 CST 2018]; root of context hierarchy
2018-07-04 09:38:58.493  INFO 8016 --- [main] s.w.s.m.m.a.RequestMappingHandlerMapping : Mapped "{[/Login],methods=[GET]}" onto public java.lang.String com.example.demo.controller.LoginController.login(javax.servlet.http.HttpServletRequest)
2018-07-04 09:38:58.494  INFO 8016 --- [main] s.w.s.m.m.a.RequestMappingHandlerMapping : Mapped "{[/signup],methods=[GET]}" onto public java.lang.String com.example.demo.controller.StudentController.getAllStudent(javax.servlet.http.HttpServletRequest)
2018-07-04 09:38:58.497  INFO 8016 --- [main] s.w.s.m.m.a.RequestMappingHandlerMapping : Mapped "{[/error]}" onto public org.springframework.http.ResponseEntity<java.util.Map<java.lang.String, java.lang.Object>> org.springframework.boot.autoconfigure.web.servlet.error.BasicErrorController.error(javax.servlet.http.HttpServletRequest)
2018-07-04 09:38:58.498  INFO 8016 --- [main] s.w.s.m.m.a.RequestMappingHandlerMapping : Mapped "{[/error],produces=[text/html]}" onto public org.springframework.web.servlet.ModelAndView org.springframework.boot.autoconfigure.web.servlet.error.BasicErrorController.errorHtml(javax.servlet.http.HttpServletRequest,javax.servlet.http.HttpServletResponse)
2018-07-04 09:38:58.549  INFO 8016 --- [main] o.s.w.s.handler.SimpleUrlHandlerMapping  : Mapped URL path [/webjars/**] onto handler of type [class org.springframework.web.servlet.resource.ResourceHttpRequestHandler]
2018-07-04 09:38:58.549  INFO 8016 --- [main] o.s.w.s.handler.SimpleUrlHandlerMapping  : Mapped URL path [/**] onto handler of type [class org.springframework.web.servlet.resource.ResourceHttpRequestHandler]
2018-07-04 09:38:58.621  WARN 8016 --- [main] org.thymeleaf.templatemode.TemplateMode  : [THYMELEAF][main] Template Mode 'LEGACYHTML5' is deprecated. Using Template Mode 'HTML' instead.
2018-07-04 09:38:58.937  INFO 8016 --- [main] o.s.j.e.a.AnnotationMBeanExporter        : Registering beans for JMX exposure on startup
2018-07-04 09:38:58.939  INFO 8016 --- [main] o.s.j.e.a.AnnotationMBeanExporter        : Bean with name 'dataSource' has been autodetected for JMX exposure
2018-07-04 09:38:58.945  INFO 8016 --- [main] o.s.j.e.a.AnnotationMBeanExporter        : Located MBean 'dataSource': registering with JMX server as MBean [com.zaxxer.hikari:name=dataSource,type=HikariDataSource]
2018-07-04 09:38:58.995  INFO 8016 --- [main] o.s.b.w.embedded.tomcat.TomcatWebServer  : Tomcat started on port(s): 8080 (http) with context path ''
2018-07-04 09:38:59.002  INFO 8016 --- [main] com.example.demo.SampleApplication       : Started SampleApplication in 5.459 seconds (JVM running for 7.694)
2018-07-04 09:45:46.917  INFO 8016 --- [http-nio-8080-exec-1] o.a.c.c.C.[Tomcat].[localhost].[/]       : Initializing Spring FrameworkServlet 'dispatcherServlet'
2018-07-04 09:45:46.921  INFO 8016 --- [http-nio-8080-exec-1] o.s.web.servlet.DispatcherServlet        : FrameworkServlet 'dispatcherServlet': initialization started
2018-07-04 09:45:46.976  INFO 8016 --- [http-nio-8080-exec-1] o.s.web.servlet.DispatcherServlet        : FrameworkServlet 'dispatcherServlet': initialization completed in 53 ms
2018-07-04 09:45:47.034  INFO 8016 --- [http-nio-8080-exec-1] com.zaxxer.hikari.HikariDataSource       : HikariPool-1 - Starting...
2018-07-04 09:45:47.040  WARN 8016 --- [http-nio-8080-exec-1] com.zaxxer.hikari.util.DriverDataSource  : Registered driver with driverClassName=com.mysql.jdbc.Driver was not found, trying direct instantiation.
2018-07-04 09:45:47.217  INFO 8016 --- [http-nio-8080-exec-1] com.zaxxer.hikari.HikariDataSource       : HikariPool-1 - Start completed.
2018-07-04 09:46:23.565  INFO 4456 --- [main] com.example.demo.SampleApplication       : Starting SampleApplication on DESKTOP-QGHE298 with PID 4456 (C:\Users\10453\IdeaProjects\sample\target\classes started by 10453 in C:\Users\10453\IdeaProjects\sample)
2018-07-04 09:46:23.579  INFO 4456 --- [main] com.example.demo.SampleApplication       : No active profile set, falling back to default profiles: default
2018-07-04 09:46:23.773  INFO 4456 --- [main] ConfigServletWebServerApplicationContext : Refreshing org.springframework.boot.web.servlet.context.AnnotationConfigServletWebServerApplicationContext@4f9a2c08: startup date [Wed Jul 04 09:46:23 CST 2018]; root of context hierarchy
2018-07-04 09:46:26.050  INFO 4456 --- [main] o.s.b.w.embedded.tomcat.TomcatWebServer  : Tomcat initialized with port(s): 8080 (http)
2018-07-04 09:46:26.091  INFO 4456 --- [main] o.apache.catalina.core.StandardService   : Starting service [Tomcat]
2018-07-04 09:46:26.091  INFO 4456 --- [main] org.apache.catalina.core.StandardEngine  : Starting Servlet Engine: Apache Tomcat/8.5.31
2018-07-04 09:46:26.097  INFO 4456 --- [localhost-startStop-1] o.a.catalina.core.AprLifecycleListener   : The APR based Apache Tomcat Native library which allows optimal performance in production environments was not found on the java.library.path: [C:\Program Files\Java\jdk-9.0.4\bin;C:\WINDOWS\Sun\Java\bin;C:\WINDOWS\system32;C:\WINDOWS;C:\ProgramData\Oracle\Java\javapath;C:\Program Files (x86)\Common Files\Oracle\Java\javapath;C:\Program Files\Java\jdk-9.0.4;C:\Program Files\Java\jdk-9.0.4\bin;C:\Program Files\Java\jdk-9.0.4\jre\bin;C:\Program Files\Java\jdk-9.0.4\bin；C:\ProgramData\Oracle\Java\javapath;C:\Program Files (x86)\Intel\iCLS Client\;C:\Program Files\Intel\iCLS Client\;C:\WINDOWS\system32;C:\WINDOWS;C:\WINDOWS\System32\Wbem;C:\WINDOWS\System32\WindowsPowerShell\v1.0\;C:\Program Files (x86)\Intel\Intel(R) Management Engine Components\DAL;C:\Program Files\Intel\Intel(R) Management Engine Components\DAL;C:\Program Files (x86)\Intel\Intel(R) Management Engine Components\IPT;C:\Program Files\Intel\Intel(R) Management Engine Components\IPT;C:\Python27;C:\Android;C:\Windows\System32;C:\Program Files\Intel\WiFi\bin\;C:\Program Files\Common Files\Intel\WirelessCommon\;C:\Program Files (x86)\Git\cmd;C:\Users\10453\AppData\Local\Temp\Rar$EXa0.282\platform-tools;C:\Users\10453\AppData\Local\Temp\Rar$EXa0.282\platform-tools;C:\Program Files\MySQL\MySQL Utilities 1.6\;C:\Program Files\MySQL\MySQL Server 5.7\bin;c:\altera\90sp2\quartus\bin;M2_HOME=C:\collections\apache-maven-3.5.4;M2=C:\collections\apache-maven-3.5.4\bin;MAVEN_OPTS=-Xms256m -Xmx512m;%M2%;C:\collections\apache-maven-3.5.4\bin;C:\Users\10453\AppData\Local\Programs\Python\Python36\Scripts\;C:\Users\10453\AppData\Local\Programs\Python\Python36\;C:\Users\10453\AppData\Local\Programs\Python\Python35\Scripts\;C:\Users\10453\AppData\Local\Programs\Python\Python35\;C:\Users\10453\AppData\Local\Microsoft\WindowsApps;C:\Users\10453\AppData\Local\GitHubDesktop\bin;%USERPROFILE%\AppData\Local\Microsoft\WindowsApps;;.]
2018-07-04 09:46:26.279  INFO 4456 --- [localhost-startStop-1] o.a.c.c.C.[Tomcat].[localhost].[/]       : Initializing Spring embedded WebApplicationContext
2018-07-04 09:46:26.281  INFO 4456 --- [localhost-startStop-1] o.s.web.context.ContextLoader            : Root WebApplicationContext: initialization completed in 2508 ms
2018-07-04 09:46:26.473  INFO 4456 --- [localhost-startStop-1] o.s.b.w.servlet.ServletRegistrationBean  : Servlet dispatcherServlet mapped to [/]
2018-07-04 09:46:26.479  INFO 4456 --- [localhost-startStop-1] o.s.b.w.servlet.FilterRegistrationBean   : Mapping filter: 'characterEncodingFilter' to: [/*]
2018-07-04 09:46:26.480  INFO 4456 --- [localhost-startStop-1] o.s.b.w.servlet.FilterRegistrationBean   : Mapping filter: 'hiddenHttpMethodFilter' to: [/*]
2018-07-04 09:46:26.481  INFO 4456 --- [localhost-startStop-1] o.s.b.w.servlet.FilterRegistrationBean   : Mapping filter: 'httpPutFormContentFilter' to: [/*]
2018-07-04 09:46:26.482  INFO 4456 --- [localhost-startStop-1] o.s.b.w.servlet.FilterRegistrationBean   : Mapping filter: 'requestContextFilter' to: [/*]
2018-07-04 09:46:26.869  INFO 4456 --- [main] o.s.w.s.handler.SimpleUrlHandlerMapping  : Mapped URL path [/**/favicon.ico] onto handler of type [class org.springframework.web.servlet.resource.ResourceHttpRequestHandler]
2018-07-04 09:46:27.109  INFO 4456 --- [main] s.w.s.m.m.a.RequestMappingHandlerAdapter : Looking for @ControllerAdvice: org.springframework.boot.web.servlet.context.AnnotationConfigServletWebServerApplicationContext@4f9a2c08: startup date [Wed Jul 04 09:46:23 CST 2018]; root of context hierarchy
2018-07-04 09:46:27.173  INFO 4456 --- [main] s.w.s.m.m.a.RequestMappingHandlerMapping : Mapped "{[/Login],methods=[GET]}" onto public java.lang.String com.example.demo.controller.LoginController.login(javax.servlet.http.HttpServletRequest)
2018-07-04 09:46:27.174  INFO 4456 --- [main] s.w.s.m.m.a.RequestMappingHandlerMapping : Mapped "{[/signup],methods=[GET]}" onto public java.lang.String com.example.demo.controller.StudentController.getAllStudent(javax.servlet.http.HttpServletRequest)
2018-07-04 09:46:27.177  INFO 4456 --- [main] s.w.s.m.m.a.RequestMappingHandlerMapping : Mapped "{[/error]}" onto public org.springframework.http.ResponseEntity<java.util.Map<java.lang.String, java.lang.Object>> org.springframework.boot.autoconfigure.web.servlet.error.BasicErrorController.error(javax.servlet.http.HttpServletRequest)
2018-07-04 09:46:27.178  INFO 4456 --- [main] s.w.s.m.m.a.RequestMappingHandlerMapping : Mapped "{[/error],produces=[text/html]}" onto public org.springframework.web.servlet.ModelAndView org.springframework.boot.autoconfigure.web.servlet.error.BasicErrorController.errorHtml(javax.servlet.http.HttpServletRequest,javax.servlet.http.HttpServletResponse)
2018-07-04 09:46:27.204  INFO 4456 --- [main] o.s.w.s.handler.SimpleUrlHandlerMapping  : Mapped URL path [/webjars/**] onto handler of type [class org.springframework.web.servlet.resource.ResourceHttpRequestHandler]
2018-07-04 09:46:27.204  INFO 4456 --- [main] o.s.w.s.handler.SimpleUrlHandlerMapping  : Mapped URL path [/**] onto handler of type [class org.springframework.web.servlet.resource.ResourceHttpRequestHandler]
2018-07-04 09:46:27.269  WARN 4456 --- [main] org.thymeleaf.templatemode.TemplateMode  : [THYMELEAF][main] Template Mode 'LEGACYHTML5' is deprecated. Using Template Mode 'HTML' instead.
2018-07-04 09:46:27.636  INFO 4456 --- [main] o.s.j.e.a.AnnotationMBeanExporter        : Registering beans for JMX exposure on startup
2018-07-04 09:46:27.638  INFO 4456 --- [main] o.s.j.e.a.AnnotationMBeanExporter        : Bean with name 'dataSource' has been autodetected for JMX exposure
2018-07-04 09:46:27.643  INFO 4456 --- [main] o.s.j.e.a.AnnotationMBeanExporter        : Located MBean 'dataSource': registering with JMX server as MBean [com.zaxxer.hikari:name=dataSource,type=HikariDataSource]
2018-07-04 09:46:27.692  INFO 4456 --- [main] o.s.b.w.embedded.tomcat.TomcatWebServer  : Tomcat started on port(s): 8080 (http) with context path ''
2018-07-04 09:46:27.697  INFO 4456 --- [main] com.example.demo.SampleApplication       : Started SampleApplication in 4.884 seconds (JVM running for 6.539)
2018-07-04 09:46:30.439  INFO 4456 --- [http-nio-8080-exec-1] o.a.c.c.C.[Tomcat].[localhost].[/]       : Initializing Spring FrameworkServlet 'dispatcherServlet'
2018-07-04 09:46:30.440  INFO 4456 --- [http-nio-8080-exec-1] o.s.web.servlet.DispatcherServlet        : FrameworkServlet 'dispatcherServlet': initialization started
2018-07-04 09:46:30.464  INFO 4456 --- [http-nio-8080-exec-1] o.s.web.servlet.DispatcherServlet        : FrameworkServlet 'dispatcherServlet': initialization completed in 23 ms
2018-07-04 09:46:30.518  INFO 4456 --- [http-nio-8080-exec-1] com.zaxxer.hikari.HikariDataSource       : HikariPool-1 - Starting...
2018-07-04 09:46:30.523  WARN 4456 --- [http-nio-8080-exec-1] com.zaxxer.hikari.util.DriverDataSource  : Registered driver with driverClassName=com.mysql.jdbc.Driver was not found, trying direct instantiation.
2018-07-04 09:46:30.654  INFO 4456 --- [http-nio-8080-exec-1] com.zaxxer.hikari.HikariDataSource       : HikariPool-1 - Start completed.
2018-07-04 10:30:04.740  WARN 4456 --- [HikariPool-1 housekeeper] com.zaxxer.hikari.pool.HikariPool        : HikariPool-1 - Thread starvation or clock leap detected (housekeeper delta=43m33s988ms102µs826ns).
